2025-01-12 18:14:57,760 - INFO - Creating markerData table
2025-01-12 18:14:57,762 - INFO - marketData table created successfully
2025-01-12 18:14:57,762 - INFO - Creating incomeData table
2025-01-12 18:14:57,762 - INFO - incomeData table created successfully
2025-01-12 18:14:57,762 - INFO - Starting data download for ticker: AAPL
2025-01-12 18:14:59,413 - INFO - Data download successful for ticker: AAPL
2025-01-12 18:14:59,417 - INFO - Data processing complete for ticker: AAPL
2025-01-12 18:14:59,418 - INFO - Starting income data download for ticker: AAPL
2025-01-12 18:14:59,868 - INFO - Income Data download successful for ticker: AAPL
2025-01-12 18:14:59,868 - INFO - Data processing complete for ticker: AAPL
2025-01-12 18:14:59,869 - INFO - Starting data insertion into the database
2025-01-12 18:14:59,885 - INFO - Data insertion successful
2025-01-12 18:15:00,886 - INFO - Starting data insertion into the database
2025-01-12 18:15:00,893 - INFO - Data insertion successful
2025-01-12 18:15:01,894 - INFO - Starting data download for ticker: MSFT
2025-01-12 18:15:02,148 - INFO - Data download successful for ticker: MSFT
2025-01-12 18:15:02,151 - INFO - Data processing complete for ticker: MSFT
2025-01-12 18:15:02,152 - INFO - Starting income data download for ticker: MSFT
2025-01-12 18:15:02,756 - INFO - Income Data download successful for ticker: MSFT
2025-01-12 18:15:02,757 - INFO - Data processing complete for ticker: MSFT
2025-01-12 18:15:02,757 - INFO - Starting data insertion into the database
2025-01-12 18:15:02,772 - INFO - Data insertion successful
2025-01-12 18:15:03,773 - INFO - Starting data insertion into the database
2025-01-12 18:15:03,779 - INFO - Data insertion successful
2025-01-12 18:15:04,781 - INFO - Starting data download for ticker: GOOGL
2025-01-12 18:15:04,986 - INFO - Data download successful for ticker: GOOGL
2025-01-12 18:15:04,988 - INFO - Data processing complete for ticker: GOOGL
2025-01-12 18:15:04,989 - INFO - Starting income data download for ticker: GOOGL
2025-01-12 18:15:05,561 - INFO - Income Data download successful for ticker: GOOGL
2025-01-12 18:15:05,562 - INFO - Data processing complete for ticker: GOOGL
2025-01-12 18:15:05,562 - INFO - Starting data insertion into the database
2025-01-12 18:15:05,574 - INFO - Data insertion successful
2025-01-12 18:15:06,576 - INFO - Starting data insertion into the database
2025-01-12 18:15:06,583 - INFO - Data insertion successful
2025-01-12 18:15:07,583 - INFO - Starting data download for ticker: AMZN
2025-01-12 18:15:07,773 - INFO - Data download successful for ticker: AMZN
2025-01-12 18:15:07,776 - INFO - Data processing complete for ticker: AMZN
2025-01-12 18:15:07,776 - INFO - Starting income data download for ticker: AMZN
2025-01-12 18:15:08,206 - INFO - Income Data download successful for ticker: AMZN
2025-01-12 18:15:08,206 - INFO - Data processing complete for ticker: AMZN
2025-01-12 18:15:08,207 - INFO - Starting data insertion into the database
2025-01-12 18:15:08,223 - INFO - Data insertion successful
2025-01-12 18:15:09,224 - INFO - Starting data insertion into the database
2025-01-12 18:15:09,231 - INFO - Data insertion successful
2025-01-12 18:15:10,231 - INFO - Starting data download for ticker: META
2025-01-12 18:15:10,359 - INFO - Data download successful for ticker: META
2025-01-12 18:15:10,360 - INFO - Data processing complete for ticker: META
2025-01-12 18:15:10,361 - INFO - Starting income data download for ticker: META
2025-01-12 18:15:10,536 - INFO - Income Data download successful for ticker: META
2025-01-12 18:15:10,537 - INFO - Data processing complete for ticker: META
2025-01-12 18:15:10,538 - INFO - Starting data insertion into the database
2025-01-12 18:15:10,546 - INFO - Data insertion successful
2025-01-12 18:15:11,548 - INFO - Starting data insertion into the database
2025-01-12 18:15:11,554 - INFO - Data insertion successful
2025-01-12 18:15:12,555 - INFO - Starting data download for ticker: TSLA
2025-01-12 18:15:12,694 - INFO - Data download successful for ticker: TSLA
2025-01-12 18:15:12,696 - INFO - Data processing complete for ticker: TSLA
2025-01-12 18:15:12,696 - INFO - Starting income data download for ticker: TSLA
2025-01-12 18:15:13,265 - INFO - Income Data download successful for ticker: TSLA
2025-01-12 18:15:13,267 - INFO - Data processing complete for ticker: TSLA
2025-01-12 18:15:13,267 - INFO - Starting data insertion into the database
2025-01-12 18:15:13,276 - INFO - Data insertion successful
2025-01-12 18:15:14,277 - INFO - Starting data insertion into the database
2025-01-12 18:15:14,284 - INFO - Data insertion successful
2025-01-12 18:15:15,284 - INFO - Starting data download for ticker: NVDA
2025-01-12 18:15:15,503 - INFO - Data download successful for ticker: NVDA
2025-01-12 18:15:15,505 - INFO - Data processing complete for ticker: NVDA
2025-01-12 18:15:15,506 - INFO - Starting income data download for ticker: NVDA
2025-01-12 18:15:15,970 - INFO - Income Data download successful for ticker: NVDA
2025-01-12 18:15:15,970 - INFO - Data processing complete for ticker: NVDA
2025-01-12 18:15:15,971 - INFO - Starting data insertion into the database
2025-01-12 18:15:15,984 - INFO - Data insertion successful
2025-01-12 18:15:16,984 - INFO - Starting data insertion into the database
2025-01-12 18:15:16,991 - INFO - Data insertion successful
2025-01-12 18:15:17,992 - INFO - Starting data download for ticker: SNOW
2025-01-12 18:15:18,087 - INFO - Data download successful for ticker: SNOW
2025-01-12 18:15:18,088 - INFO - Data processing complete for ticker: SNOW
2025-01-12 18:15:18,088 - INFO - Starting income data download for ticker: SNOW
2025-01-12 18:15:18,345 - INFO - Income Data download successful for ticker: SNOW
2025-01-12 18:15:18,346 - INFO - Data processing complete for ticker: SNOW
2025-01-12 18:15:18,347 - INFO - Starting data insertion into the database
2025-01-12 18:15:18,354 - INFO - Data insertion successful
2025-01-12 18:15:19,355 - INFO - Starting data insertion into the database
2025-01-12 18:15:19,361 - INFO - Data insertion successful
2025-01-12 18:15:20,362 - INFO - Starting data download for ticker: PLTR
2025-01-12 18:15:20,455 - INFO - Data download successful for ticker: PLTR
2025-01-12 18:15:20,455 - INFO - Data processing complete for ticker: PLTR
2025-01-12 18:15:20,457 - INFO - Starting income data download for ticker: PLTR
2025-01-12 18:15:20,713 - INFO - Income Data download successful for ticker: PLTR
2025-01-12 18:15:20,714 - INFO - Data processing complete for ticker: PLTR
2025-01-12 18:15:20,714 - INFO - Starting data insertion into the database
2025-01-12 18:15:20,722 - INFO - Data insertion successful
2025-01-12 18:15:21,723 - INFO - Starting data insertion into the database
2025-01-12 18:15:21,729 - INFO - Data insertion successful
2025-01-12 18:15:22,730 - INFO - Starting data download for ticker: ARM
2025-01-12 18:15:22,793 - INFO - Data download successful for ticker: ARM
2025-01-12 18:15:22,794 - INFO - Data processing complete for ticker: ARM
2025-01-12 18:15:22,794 - INFO - Starting income data download for ticker: ARM
2025-01-12 18:15:23,044 - INFO - Income Data download successful for ticker: ARM
2025-01-12 18:15:23,045 - INFO - Data processing complete for ticker: ARM
2025-01-12 18:15:23,045 - INFO - Starting data insertion into the database
2025-01-12 18:15:23,051 - INFO - Data insertion successful
2025-01-12 18:15:24,053 - INFO - Starting data insertion into the database
2025-01-12 18:15:24,058 - INFO - Data insertion successful
2025-01-12 18:15:25,060 - INFO - Starting data download for ticker: AMD
2025-01-12 18:15:25,260 - INFO - Data download successful for ticker: AMD
2025-01-12 18:15:25,265 - INFO - Data processing complete for ticker: AMD
2025-01-12 18:15:25,266 - INFO - Starting income data download for ticker: AMD
2025-01-12 18:15:25,695 - INFO - Income Data download successful for ticker: AMD
2025-01-12 18:15:25,696 - INFO - Data processing complete for ticker: AMD
2025-01-12 18:15:25,696 - INFO - Starting data insertion into the database
2025-01-12 18:15:25,713 - INFO - Data insertion successful
2025-01-12 18:15:26,714 - INFO - Starting data insertion into the database
2025-01-12 18:15:26,721 - INFO - Data insertion successful
2025-01-12 18:15:27,722 - INFO - Starting data download for ticker: QCOM
2025-01-12 18:15:27,983 - INFO - Data download successful for ticker: QCOM
2025-01-12 18:15:27,986 - INFO - Data processing complete for ticker: QCOM
2025-01-12 18:15:27,986 - INFO - Starting income data download for ticker: QCOM
2025-01-12 18:15:28,582 - INFO - Income Data download successful for ticker: QCOM
2025-01-12 18:15:28,584 - INFO - Data processing complete for ticker: QCOM
2025-01-12 18:15:28,584 - INFO - Starting data insertion into the database
2025-01-12 18:15:28,598 - INFO - Data insertion successful
2025-01-12 18:15:29,599 - INFO - Starting data insertion into the database
2025-01-12 18:15:29,606 - INFO - Data insertion successful
2025-01-31 13:52:19,640 - INFO - Creating markerData table
2025-01-31 13:52:19,642 - INFO - marketData table created successfully
2025-01-31 13:52:19,642 - INFO - Creating incomeData table
2025-01-31 13:52:19,642 - INFO - incomeData table created successfully
2025-01-31 13:52:19,642 - INFO - Starting data download for ticker: AAPL
2025-01-31 13:52:21,348 - INFO - Data download successful for ticker: AAPL
2025-01-31 13:52:21,353 - INFO - Data processing complete for ticker: AAPL
2025-01-31 13:52:21,353 - INFO - Starting income data download for ticker: AAPL
2025-01-31 13:52:21,976 - INFO - Income Data download successful for ticker: AAPL
2025-01-31 13:52:21,977 - INFO - Data processing complete for ticker: AAPL
2025-01-31 13:52:21,977 - INFO - Starting data insertion into the database
2025-01-31 13:52:21,997 - INFO - Data insertion successful
2025-01-31 13:52:22,997 - INFO - Starting data insertion into the database
2025-01-31 13:52:23,004 - INFO - Data insertion successful
2025-01-31 13:52:24,005 - INFO - Starting data download for ticker: MSFT
2025-01-31 13:52:24,306 - INFO - Data download successful for ticker: MSFT
2025-01-31 13:52:24,310 - INFO - Data processing complete for ticker: MSFT
2025-01-31 13:52:24,311 - INFO - Starting income data download for ticker: MSFT
2025-01-31 13:52:24,735 - INFO - Income Data download successful for ticker: MSFT
2025-01-31 13:52:24,737 - INFO - Data processing complete for ticker: MSFT
2025-01-31 13:52:24,737 - INFO - Starting data insertion into the database
2025-01-31 13:52:24,752 - INFO - Data insertion successful
2025-01-31 13:52:25,754 - INFO - Starting data insertion into the database
2025-01-31 13:52:25,760 - INFO - Data insertion successful
2025-01-31 13:52:26,762 - INFO - Starting data download for ticker: GOOGL
2025-01-31 13:52:26,919 - INFO - Data download successful for ticker: GOOGL
2025-01-31 13:52:26,922 - INFO - Data processing complete for ticker: GOOGL
2025-01-31 13:52:26,923 - INFO - Starting income data download for ticker: GOOGL
2025-01-31 13:52:27,423 - INFO - Income Data download successful for ticker: GOOGL
2025-01-31 13:52:27,424 - INFO - Data processing complete for ticker: GOOGL
2025-01-31 13:52:27,424 - INFO - Starting data insertion into the database
2025-01-31 13:52:27,436 - INFO - Data insertion successful
2025-01-31 13:52:28,437 - INFO - Starting data insertion into the database
2025-01-31 13:52:28,443 - INFO - Data insertion successful
2025-01-31 13:52:29,444 - INFO - Starting data download for ticker: AMZN
2025-01-31 13:52:29,629 - INFO - Data download successful for ticker: AMZN
2025-01-31 13:52:29,632 - INFO - Data processing complete for ticker: AMZN
2025-01-31 13:52:29,632 - INFO - Starting income data download for ticker: AMZN
2025-01-31 13:52:30,057 - INFO - Income Data download successful for ticker: AMZN
2025-01-31 13:52:30,058 - INFO - Data processing complete for ticker: AMZN
2025-01-31 13:52:30,058 - INFO - Starting data insertion into the database
2025-01-31 13:52:30,071 - INFO - Data insertion successful
2025-01-31 13:52:31,072 - INFO - Starting data insertion into the database
2025-01-31 13:52:31,079 - INFO - Data insertion successful
2025-01-31 13:52:32,080 - INFO - Starting data download for ticker: META
2025-01-31 13:52:32,215 - INFO - Data download successful for ticker: META
2025-01-31 13:52:32,216 - INFO - Data processing complete for ticker: META
2025-01-31 13:52:32,216 - INFO - Starting income data download for ticker: META
2025-01-31 13:52:32,562 - INFO - Income Data download successful for ticker: META
2025-01-31 13:52:32,563 - INFO - Data processing complete for ticker: META
2025-01-31 13:52:32,563 - INFO - Starting data insertion into the database
2025-01-31 13:52:32,574 - INFO - Data insertion successful
2025-01-31 13:52:33,574 - INFO - Starting data insertion into the database
2025-01-31 13:52:33,581 - INFO - Data insertion successful
2025-01-31 13:52:34,582 - INFO - Starting data download for ticker: TSLA
2025-01-31 13:52:34,720 - INFO - Data download successful for ticker: TSLA
2025-01-31 13:52:34,721 - INFO - Data processing complete for ticker: TSLA
2025-01-31 13:52:34,723 - INFO - Starting income data download for ticker: TSLA
2025-01-31 13:52:35,150 - INFO - Income Data download successful for ticker: TSLA
2025-01-31 13:52:35,151 - INFO - Data processing complete for ticker: TSLA
2025-01-31 13:52:35,151 - INFO - Starting data insertion into the database
2025-01-31 13:52:35,160 - INFO - Data insertion successful
2025-01-31 13:52:36,162 - INFO - Starting data insertion into the database
2025-01-31 13:52:36,169 - INFO - Data insertion successful
2025-01-31 13:52:37,169 - INFO - Starting data download for ticker: NVDA
2025-01-31 13:52:37,410 - INFO - Data download successful for ticker: NVDA
2025-01-31 13:52:37,413 - INFO - Data processing complete for ticker: NVDA
2025-01-31 13:52:37,413 - INFO - Starting income data download for ticker: NVDA
2025-01-31 13:52:37,837 - INFO - Income Data download successful for ticker: NVDA
2025-01-31 13:52:37,838 - INFO - Data processing complete for ticker: NVDA
2025-01-31 13:52:37,838 - INFO - Starting data insertion into the database
2025-01-31 13:52:37,850 - INFO - Data insertion successful
2025-01-31 13:52:38,852 - INFO - Starting data insertion into the database
2025-01-31 13:52:38,859 - INFO - Data insertion successful
2025-01-31 13:52:39,859 - INFO - Starting data download for ticker: SNOW
2025-01-31 13:52:39,953 - INFO - Data download successful for ticker: SNOW
2025-01-31 13:52:39,954 - INFO - Data processing complete for ticker: SNOW
2025-01-31 13:52:39,954 - INFO - Starting income data download for ticker: SNOW
2025-01-31 13:52:40,207 - INFO - Income Data download successful for ticker: SNOW
2025-01-31 13:52:40,207 - INFO - Data processing complete for ticker: SNOW
2025-01-31 13:52:40,208 - INFO - Starting data insertion into the database
2025-01-31 13:52:40,216 - INFO - Data insertion successful
2025-01-31 13:52:41,217 - INFO - Starting data insertion into the database
2025-01-31 13:52:41,224 - INFO - Data insertion successful
2025-01-31 13:52:42,225 - INFO - Starting data download for ticker: PLTR
2025-01-31 13:52:42,309 - INFO - Data download successful for ticker: PLTR
2025-01-31 13:52:42,310 - INFO - Data processing complete for ticker: PLTR
2025-01-31 13:52:42,310 - INFO - Starting income data download for ticker: PLTR
2025-01-31 13:52:42,734 - INFO - Income Data download successful for ticker: PLTR
2025-01-31 13:52:42,735 - INFO - Data processing complete for ticker: PLTR
2025-01-31 13:52:42,736 - INFO - Starting data insertion into the database
2025-01-31 13:52:42,743 - INFO - Data insertion successful
2025-01-31 13:52:43,744 - INFO - Starting data insertion into the database
2025-01-31 13:52:43,751 - INFO - Data insertion successful
2025-01-31 13:52:44,752 - INFO - Starting data download for ticker: ARM
2025-01-31 13:52:44,814 - INFO - Data download successful for ticker: ARM
2025-01-31 13:52:44,814 - INFO - Data processing complete for ticker: ARM
2025-01-31 13:52:44,815 - INFO - Starting income data download for ticker: ARM
2025-01-31 13:52:45,063 - INFO - Income Data download successful for ticker: ARM
2025-01-31 13:52:45,064 - INFO - Data processing complete for ticker: ARM
2025-01-31 13:52:45,065 - INFO - Starting data insertion into the database
2025-01-31 13:52:45,072 - INFO - Data insertion successful
2025-01-31 13:52:46,073 - INFO - Starting data insertion into the database
2025-01-31 13:52:46,079 - INFO - Data insertion successful
2025-01-31 13:52:47,080 - INFO - Starting data download for ticker: AMD
2025-01-31 13:52:47,317 - INFO - Data download successful for ticker: AMD
2025-01-31 13:52:47,322 - INFO - Data processing complete for ticker: AMD
2025-01-31 13:52:47,322 - INFO - Starting income data download for ticker: AMD
2025-01-31 13:52:47,522 - INFO - Income Data download successful for ticker: AMD
2025-01-31 13:52:47,523 - INFO - Data processing complete for ticker: AMD
2025-01-31 13:52:47,523 - INFO - Starting data insertion into the database
2025-01-31 13:52:47,540 - INFO - Data insertion successful
2025-01-31 13:52:48,541 - INFO - Starting data insertion into the database
2025-01-31 13:52:48,547 - INFO - Data insertion successful
2025-01-31 13:52:49,548 - INFO - Starting data download for ticker: QCOM
2025-01-31 13:52:49,777 - INFO - Data download successful for ticker: QCOM
2025-01-31 13:52:49,780 - INFO - Data processing complete for ticker: QCOM
2025-01-31 13:52:49,781 - INFO - Starting income data download for ticker: QCOM
2025-01-31 13:52:50,195 - INFO - Income Data download successful for ticker: QCOM
2025-01-31 13:52:50,196 - INFO - Data processing complete for ticker: QCOM
2025-01-31 13:52:50,197 - INFO - Starting data insertion into the database
2025-01-31 13:52:50,211 - INFO - Data insertion successful
2025-01-31 13:52:51,212 - INFO - Starting data insertion into the database
2025-01-31 13:52:51,219 - INFO - Data insertion successful
2025-01-31 13:59:45,972 - INFO - Creating markerData table
2025-01-31 13:59:45,972 - INFO - marketData table created successfully
2025-01-31 13:59:45,972 - INFO - Creating incomeData table
2025-01-31 13:59:45,972 - INFO - incomeData table created successfully
2025-01-31 13:59:45,972 - INFO - Starting data download for ticker: AAPL
2025-01-31 13:59:46,521 - INFO - Data download successful for ticker: AAPL
2025-01-31 13:59:46,525 - INFO - Data processing complete for ticker: AAPL
2025-01-31 13:59:46,525 - INFO - Starting income data download for ticker: AAPL
2025-01-31 13:59:46,967 - INFO - Income Data download successful for ticker: AAPL
2025-01-31 13:59:46,967 - INFO - Data processing complete for ticker: AAPL
2025-01-31 13:59:46,967 - INFO - Starting data insertion into the database
2025-01-31 13:59:46,984 - INFO - Data insertion successful
2025-01-31 13:59:47,984 - INFO - Starting data insertion into the database
2025-01-31 13:59:47,992 - INFO - Data insertion successful
2025-01-31 13:59:48,992 - INFO - Starting data download for ticker: MSFT
2025-01-31 13:59:49,247 - INFO - Data download successful for ticker: MSFT
2025-01-31 13:59:49,251 - INFO - Data processing complete for ticker: MSFT
2025-01-31 13:59:49,252 - INFO - Starting income data download for ticker: MSFT
2025-01-31 13:59:49,662 - INFO - Income Data download successful for ticker: MSFT
2025-01-31 13:59:49,663 - INFO - Data processing complete for ticker: MSFT
2025-01-31 13:59:49,663 - INFO - Starting data insertion into the database
2025-01-31 13:59:49,678 - INFO - Data insertion successful
2025-01-31 13:59:50,678 - INFO - Starting data insertion into the database
2025-01-31 13:59:50,685 - INFO - Data insertion successful
2025-01-31 13:59:51,686 - INFO - Starting data download for ticker: GOOGL
2025-01-31 13:59:51,853 - INFO - Data download successful for ticker: GOOGL
2025-01-31 13:59:51,855 - INFO - Data processing complete for ticker: GOOGL
2025-01-31 13:59:51,855 - INFO - Starting income data download for ticker: GOOGL
2025-01-31 13:59:52,196 - INFO - Income Data download successful for ticker: GOOGL
2025-01-31 13:59:52,197 - INFO - Data processing complete for ticker: GOOGL
2025-01-31 13:59:52,197 - INFO - Starting data insertion into the database
2025-01-31 13:59:52,208 - INFO - Data insertion successful
2025-01-31 13:59:53,208 - INFO - Starting data insertion into the database
2025-01-31 13:59:53,214 - INFO - Data insertion successful
2025-01-31 13:59:54,216 - INFO - Starting data download for ticker: AMZN
2025-01-31 13:59:54,402 - INFO - Data download successful for ticker: AMZN
2025-01-31 13:59:54,405 - INFO - Data processing complete for ticker: AMZN
2025-01-31 13:59:54,405 - INFO - Starting income data download for ticker: AMZN
2025-01-31 13:59:54,824 - INFO - Income Data download successful for ticker: AMZN
2025-01-31 13:59:54,825 - INFO - Data processing complete for ticker: AMZN
2025-01-31 13:59:54,825 - INFO - Starting data insertion into the database
2025-01-31 13:59:54,838 - INFO - Data insertion successful
2025-01-31 13:59:55,838 - INFO - Starting data insertion into the database
2025-01-31 13:59:55,846 - INFO - Data insertion successful
2025-01-31 13:59:56,846 - INFO - Starting data download for ticker: META
2025-01-31 13:59:56,984 - INFO - Data download successful for ticker: META
2025-01-31 13:59:56,985 - INFO - Data processing complete for ticker: META
2025-01-31 13:59:56,985 - INFO - Starting income data download for ticker: META
2025-01-31 13:59:57,332 - INFO - Income Data download successful for ticker: META
2025-01-31 13:59:57,332 - INFO - Data processing complete for ticker: META
2025-01-31 13:59:57,333 - INFO - Starting data insertion into the database
2025-01-31 13:59:57,342 - INFO - Data insertion successful
2025-01-31 13:59:58,342 - INFO - Starting data insertion into the database
2025-01-31 13:59:58,349 - INFO - Data insertion successful
2025-01-31 13:59:59,350 - INFO - Starting data download for ticker: TSLA
2025-01-31 13:59:59,508 - INFO - Data download successful for ticker: TSLA
2025-01-31 13:59:59,510 - INFO - Data processing complete for ticker: TSLA
2025-01-31 13:59:59,510 - INFO - Starting income data download for ticker: TSLA
2025-01-31 13:59:59,766 - INFO - Income Data download successful for ticker: TSLA
2025-01-31 13:59:59,767 - INFO - Data processing complete for ticker: TSLA
2025-01-31 13:59:59,767 - INFO - Starting data insertion into the database
2025-01-31 13:59:59,777 - INFO - Data insertion successful
2025-01-31 14:00:00,778 - INFO - Starting data insertion into the database
2025-01-31 14:00:00,785 - INFO - Data insertion successful
2025-01-31 14:00:01,785 - INFO - Starting data download for ticker: NVDA
2025-01-31 14:00:01,987 - INFO - Data download successful for ticker: NVDA
2025-01-31 14:00:01,990 - INFO - Data processing complete for ticker: NVDA
2025-01-31 14:00:01,990 - INFO - Starting income data download for ticker: NVDA
2025-01-31 14:00:02,577 - INFO - Income Data download successful for ticker: NVDA
2025-01-31 14:00:02,578 - INFO - Data processing complete for ticker: NVDA
2025-01-31 14:00:02,579 - INFO - Starting data insertion into the database
2025-01-31 14:00:02,590 - INFO - Data insertion successful
2025-01-31 14:00:03,592 - INFO - Starting data insertion into the database
2025-01-31 14:00:03,599 - INFO - Data insertion successful
2025-01-31 14:00:04,600 - INFO - Starting data download for ticker: SNOW
2025-01-31 14:00:04,704 - INFO - Data download successful for ticker: SNOW
2025-01-31 14:00:04,705 - INFO - Data processing complete for ticker: SNOW
2025-01-31 14:00:04,705 - INFO - Starting income data download for ticker: SNOW
2025-01-31 14:00:05,132 - INFO - Income Data download successful for ticker: SNOW
2025-01-31 14:00:05,133 - INFO - Data processing complete for ticker: SNOW
2025-01-31 14:00:05,133 - INFO - Starting data insertion into the database
2025-01-31 14:00:05,140 - INFO - Data insertion successful
2025-01-31 14:00:06,141 - INFO - Starting data insertion into the database
2025-01-31 14:00:06,148 - INFO - Data insertion successful
2025-01-31 14:00:07,148 - INFO - Starting data download for ticker: PLTR
2025-01-31 14:00:07,244 - INFO - Data download successful for ticker: PLTR
2025-01-31 14:00:07,245 - INFO - Data processing complete for ticker: PLTR
2025-01-31 14:00:07,245 - INFO - Starting income data download for ticker: PLTR
2025-01-31 14:00:08,310 - INFO - Income Data download successful for ticker: PLTR
2025-01-31 14:00:08,310 - INFO - Data processing complete for ticker: PLTR
2025-01-31 14:00:08,311 - INFO - Starting data insertion into the database
2025-01-31 14:00:08,318 - INFO - Data insertion successful
2025-01-31 14:00:09,319 - INFO - Starting data insertion into the database
2025-01-31 14:00:09,325 - INFO - Data insertion successful
2025-01-31 14:00:10,327 - INFO - Starting data download for ticker: ARM
2025-01-31 14:00:10,392 - INFO - Data download successful for ticker: ARM
2025-01-31 14:00:10,393 - INFO - Data processing complete for ticker: ARM
2025-01-31 14:00:10,393 - INFO - Starting income data download for ticker: ARM
2025-01-31 14:00:12,191 - INFO - Income Data download successful for ticker: ARM
2025-01-31 14:00:12,192 - INFO - Data processing complete for ticker: ARM
2025-01-31 14:00:12,192 - INFO - Starting data insertion into the database
2025-01-31 14:00:12,200 - INFO - Data insertion successful
2025-01-31 14:00:13,200 - INFO - Starting data insertion into the database
2025-01-31 14:00:13,208 - INFO - Data insertion successful
2025-01-31 14:00:14,208 - INFO - Starting data download for ticker: AMD
2025-01-31 14:00:14,451 - INFO - Data download successful for ticker: AMD
2025-01-31 14:00:14,456 - INFO - Data processing complete for ticker: AMD
2025-01-31 14:00:14,456 - INFO - Starting income data download for ticker: AMD
2025-01-31 14:00:15,944 - INFO - Income Data download successful for ticker: AMD
2025-01-31 14:00:15,945 - INFO - Data processing complete for ticker: AMD
2025-01-31 14:00:15,946 - INFO - Starting data insertion into the database
2025-01-31 14:00:15,966 - INFO - Data insertion successful
2025-01-31 14:00:16,967 - INFO - Starting data insertion into the database
2025-01-31 14:00:16,974 - INFO - Data insertion successful
2025-01-31 14:00:17,975 - INFO - Starting data download for ticker: QCOM
2025-01-31 14:00:18,219 - INFO - Data download successful for ticker: QCOM
2025-01-31 14:00:18,222 - INFO - Data processing complete for ticker: QCOM
2025-01-31 14:00:18,222 - INFO - Starting income data download for ticker: QCOM
2025-01-31 14:00:18,673 - INFO - Income Data download successful for ticker: QCOM
2025-01-31 14:00:18,674 - INFO - Data processing complete for ticker: QCOM
2025-01-31 14:00:18,674 - INFO - Starting data insertion into the database
2025-01-31 14:00:18,688 - INFO - Data insertion successful
2025-01-31 14:00:19,689 - INFO - Starting data insertion into the database
2025-01-31 14:00:19,696 - INFO - Data insertion successful
2025-01-31 14:03:29,846 - INFO - Creating markerData table
2025-01-31 14:03:29,846 - INFO - marketData table created successfully
2025-01-31 14:03:29,846 - INFO - Creating incomeData table
2025-01-31 14:03:29,846 - INFO - incomeData table created successfully
2025-01-31 14:03:29,847 - INFO - Starting data download for ticker: AAPL
2025-01-31 14:03:30,384 - INFO - Data download successful for ticker: AAPL
2025-01-31 14:03:30,389 - INFO - Data processing complete for ticker: AAPL
2025-01-31 14:03:30,389 - INFO - Starting income data download for ticker: AAPL
2025-01-31 14:03:30,818 - INFO - Income Data download successful for ticker: AAPL
2025-01-31 14:03:30,820 - INFO - Data processing complete for ticker: AAPL
2025-01-31 14:03:30,820 - INFO - Starting data insertion into the database
2025-01-31 14:03:30,839 - INFO - Data insertion successful
2025-01-31 14:03:31,840 - INFO - Starting data insertion into the database
2025-01-31 14:03:31,847 - INFO - Data insertion successful
2025-01-31 14:03:32,847 - INFO - Starting data download for ticker: MSFT
2025-01-31 14:03:33,212 - INFO - Data download successful for ticker: MSFT
2025-01-31 14:03:33,215 - INFO - Data processing complete for ticker: MSFT
2025-01-31 14:03:33,215 - INFO - Starting income data download for ticker: MSFT
2025-01-31 14:03:33,809 - INFO - Income Data download successful for ticker: MSFT
2025-01-31 14:03:33,810 - INFO - Data processing complete for ticker: MSFT
2025-01-31 14:03:33,810 - INFO - Starting data insertion into the database
2025-01-31 14:03:33,900 - INFO - Data insertion successful
2025-01-31 14:03:34,901 - INFO - Starting data insertion into the database
2025-01-31 14:03:34,908 - INFO - Data insertion successful
2025-01-31 14:03:35,908 - INFO - Starting data download for ticker: GOOGL
2025-01-31 14:03:36,069 - INFO - Data download successful for ticker: GOOGL
2025-01-31 14:03:36,071 - INFO - Data processing complete for ticker: GOOGL
2025-01-31 14:03:36,071 - INFO - Starting income data download for ticker: GOOGL
2025-01-31 14:03:36,233 - ERROR - Error downloading data for ticker GOOGL: 'quarterlyReports'
2025-01-31 14:07:57,544 - INFO - Creating markerData table
2025-01-31 14:07:57,545 - INFO - marketData table created successfully
2025-01-31 14:07:57,545 - INFO - Creating incomeData table
2025-01-31 14:07:57,546 - INFO - incomeData table created successfully
2025-01-31 14:07:57,546 - INFO - Starting data download for ticker: AAPL
2025-01-31 14:07:58,123 - INFO - Data download successful for ticker: AAPL
2025-01-31 14:07:58,128 - INFO - Data processing complete for ticker: AAPL
2025-01-31 14:07:58,128 - INFO - Starting income data download for ticker: AAPL
2025-01-31 14:07:58,518 - ERROR - Error downloading data for ticker AAPL: 'quarterlyReports'
2025-01-31 14:09:01,571 - INFO - Creating markerData table
2025-01-31 14:09:01,572 - INFO - marketData table created successfully
2025-01-31 14:09:01,572 - INFO - Creating incomeData table
2025-01-31 14:09:01,572 - INFO - incomeData table created successfully
2025-01-31 14:09:01,572 - INFO - Starting data download for ticker: AAPL
2025-01-31 14:09:02,065 - INFO - Data download successful for ticker: AAPL
2025-01-31 14:09:02,070 - INFO - Data processing complete for ticker: AAPL
2025-01-31 14:09:02,070 - INFO - Starting data insertion into the database
2025-01-31 14:09:02,086 - INFO - Data insertion successful
2025-01-31 14:09:03,087 - INFO - Starting data download for ticker: MSFT
2025-01-31 14:09:03,393 - INFO - Data download successful for ticker: MSFT
2025-01-31 14:09:03,396 - INFO - Data processing complete for ticker: MSFT
2025-01-31 14:09:03,396 - INFO - Starting data insertion into the database
2025-01-31 14:09:03,412 - INFO - Data insertion successful
2025-01-31 14:09:04,413 - INFO - Starting data download for ticker: GOOGL
2025-01-31 14:09:04,595 - INFO - Data download successful for ticker: GOOGL
2025-01-31 14:09:04,597 - INFO - Data processing complete for ticker: GOOGL
2025-01-31 14:09:04,597 - INFO - Starting data insertion into the database
2025-01-31 14:09:04,608 - INFO - Data insertion successful
2025-01-31 14:09:05,609 - INFO - Starting data download for ticker: AMZN
2025-01-31 14:09:05,839 - INFO - Data download successful for ticker: AMZN
2025-01-31 14:09:05,842 - INFO - Data processing complete for ticker: AMZN
2025-01-31 14:09:05,842 - INFO - Starting data insertion into the database
2025-01-31 14:09:05,855 - INFO - Data insertion successful
2025-01-31 14:09:06,855 - INFO - Starting data download for ticker: META
2025-01-31 14:09:06,984 - INFO - Data download successful for ticker: META
2025-01-31 14:09:06,985 - INFO - Data processing complete for ticker: META
2025-01-31 14:09:06,986 - INFO - Starting data insertion into the database
2025-01-31 14:09:06,995 - INFO - Data insertion successful
2025-01-31 14:09:07,996 - INFO - Starting data download for ticker: TSLA
2025-01-31 14:09:08,134 - INFO - Data download successful for ticker: TSLA
2025-01-31 14:09:08,136 - INFO - Data processing complete for ticker: TSLA
2025-01-31 14:09:08,137 - INFO - Starting data insertion into the database
2025-01-31 14:09:08,146 - INFO - Data insertion successful
2025-01-31 14:09:09,147 - INFO - Starting data download for ticker: NVDA
2025-01-31 14:09:09,402 - INFO - Data download successful for ticker: NVDA
2025-01-31 14:09:09,405 - INFO - Data processing complete for ticker: NVDA
2025-01-31 14:09:09,405 - INFO - Starting data insertion into the database
2025-01-31 14:09:09,419 - INFO - Data insertion successful
2025-01-31 14:09:10,420 - INFO - Starting data download for ticker: SNOW
2025-01-31 14:09:10,514 - INFO - Data download successful for ticker: SNOW
2025-01-31 14:09:10,515 - INFO - Data processing complete for ticker: SNOW
2025-01-31 14:09:10,515 - INFO - Starting data insertion into the database
2025-01-31 14:09:10,522 - INFO - Data insertion successful
2025-01-31 14:09:11,523 - INFO - Starting data download for ticker: PLTR
2025-01-31 14:09:11,617 - INFO - Data download successful for ticker: PLTR
2025-01-31 14:09:11,617 - INFO - Data processing complete for ticker: PLTR
2025-01-31 14:09:11,618 - INFO - Starting data insertion into the database
2025-01-31 14:09:11,626 - INFO - Data insertion successful
2025-01-31 14:09:12,627 - INFO - Starting data download for ticker: ARM
2025-01-31 14:09:12,691 - INFO - Data download successful for ticker: ARM
2025-01-31 14:09:12,692 - INFO - Data processing complete for ticker: ARM
2025-01-31 14:09:12,692 - INFO - Starting data insertion into the database
2025-01-31 14:09:12,699 - INFO - Data insertion successful
2025-01-31 14:09:13,699 - INFO - Starting data download for ticker: AMD
2025-01-31 14:09:13,925 - INFO - Data download successful for ticker: AMD
2025-01-31 14:09:13,930 - INFO - Data processing complete for ticker: AMD
2025-01-31 14:09:13,930 - INFO - Starting data insertion into the database
2025-01-31 14:09:13,949 - INFO - Data insertion successful
2025-01-31 14:09:14,950 - INFO - Starting data download for ticker: QCOM
2025-01-31 14:09:15,183 - INFO - Data download successful for ticker: QCOM
2025-01-31 14:09:15,186 - INFO - Data processing complete for ticker: QCOM
2025-01-31 14:09:15,187 - INFO - Starting data insertion into the database
2025-01-31 14:09:15,201 - INFO - Data insertion successful
2025-01-31 14:34:35,042 - INFO - Creating markerData table
2025-01-31 14:34:35,043 - INFO - marketData table created successfully
2025-01-31 14:34:35,043 - INFO - Creating incomeData table
2025-01-31 14:34:35,043 - INFO - incomeData table created successfully
2025-01-31 14:34:35,043 - INFO - Starting data download for ticker: AAPL
2025-01-31 14:34:35,635 - INFO - Data download successful for ticker: AAPL
2025-01-31 14:34:35,639 - INFO - Data processing complete for ticker: AAPL
2025-01-31 14:34:35,639 - INFO - Starting data insertion into the database
2025-01-31 14:34:35,655 - INFO - Data insertion successful
2025-01-31 14:34:36,655 - INFO - Starting data download for ticker: MSFT
2025-01-31 14:34:36,922 - INFO - Data download successful for ticker: MSFT
2025-01-31 14:34:36,925 - INFO - Data processing complete for ticker: MSFT
2025-01-31 14:34:36,925 - INFO - Starting data insertion into the database
2025-01-31 14:34:36,940 - INFO - Data insertion successful
2025-01-31 14:34:37,940 - INFO - Starting data download for ticker: GOOGL
2025-01-31 14:34:38,102 - INFO - Data download successful for ticker: GOOGL
2025-01-31 14:34:38,104 - INFO - Data processing complete for ticker: GOOGL
2025-01-31 14:34:38,104 - INFO - Starting data insertion into the database
2025-01-31 14:34:38,116 - INFO - Data insertion successful
2025-01-31 14:34:39,116 - INFO - Starting data download for ticker: AMZN
2025-01-31 14:34:39,307 - INFO - Data download successful for ticker: AMZN
2025-01-31 14:34:39,309 - INFO - Data processing complete for ticker: AMZN
2025-01-31 14:34:39,310 - INFO - Starting data insertion into the database
2025-01-31 14:34:39,323 - INFO - Data insertion successful
2025-01-31 14:34:40,324 - INFO - Starting data download for ticker: META
2025-01-31 14:34:40,484 - INFO - Data download successful for ticker: META
2025-01-31 14:34:40,486 - INFO - Data processing complete for ticker: META
2025-01-31 14:34:40,486 - INFO - Starting data insertion into the database
2025-01-31 14:34:40,495 - INFO - Data insertion successful
2025-01-31 14:34:41,496 - INFO - Starting data download for ticker: TSLA
2025-01-31 14:34:41,645 - INFO - Data download successful for ticker: TSLA
2025-01-31 14:34:41,646 - INFO - Data processing complete for ticker: TSLA
2025-01-31 14:34:41,646 - INFO - Starting data insertion into the database
2025-01-31 14:34:41,656 - INFO - Data insertion successful
2025-01-31 14:34:42,657 - INFO - Starting data download for ticker: NVDA
2025-01-31 14:34:42,910 - INFO - Data download successful for ticker: NVDA
2025-01-31 14:34:42,913 - INFO - Data processing complete for ticker: NVDA
2025-01-31 14:34:42,913 - INFO - Starting data insertion into the database
2025-01-31 14:34:42,948 - INFO - Data insertion successful
2025-01-31 14:34:43,949 - INFO - Starting data download for ticker: SNOW
2025-01-31 14:34:44,035 - INFO - Data download successful for ticker: SNOW
2025-01-31 14:34:44,036 - INFO - Data processing complete for ticker: SNOW
2025-01-31 14:34:44,036 - INFO - Starting data insertion into the database
2025-01-31 14:34:44,043 - INFO - Data insertion successful
2025-01-31 14:34:45,044 - INFO - Starting data download for ticker: PLTR
2025-01-31 14:34:45,191 - INFO - Data download successful for ticker: PLTR
2025-01-31 14:34:45,192 - INFO - Data processing complete for ticker: PLTR
2025-01-31 14:34:45,192 - INFO - Starting data insertion into the database
2025-01-31 14:34:45,201 - INFO - Data insertion successful
2025-01-31 14:34:46,202 - INFO - Starting data download for ticker: ARM
2025-01-31 14:34:46,266 - INFO - Data download successful for ticker: ARM
2025-01-31 14:34:46,266 - INFO - Data processing complete for ticker: ARM
2025-01-31 14:34:46,267 - INFO - Starting data insertion into the database
2025-01-31 14:34:46,273 - INFO - Data insertion successful
2025-01-31 14:34:47,275 - INFO - Starting data download for ticker: AMD
2025-01-31 14:34:47,507 - INFO - Data download successful for ticker: AMD
2025-01-31 14:34:47,511 - INFO - Data processing complete for ticker: AMD
2025-01-31 14:34:47,511 - INFO - Starting data insertion into the database
2025-01-31 14:34:47,530 - INFO - Data insertion successful
2025-01-31 14:34:48,530 - INFO - Starting data download for ticker: QCOM
2025-01-31 14:34:48,791 - INFO - Data download successful for ticker: QCOM
2025-01-31 14:34:48,795 - INFO - Data processing complete for ticker: QCOM
2025-01-31 14:34:48,795 - INFO - Starting data insertion into the database
2025-01-31 14:34:48,809 - INFO - Data insertion successful
2025-01-31 19:46:58,681 - INFO - Creating markerData table
2025-01-31 19:46:58,682 - INFO - marketData table created successfully
2025-01-31 19:46:58,682 - INFO - Creating incomeData table
2025-01-31 19:46:58,682 - INFO - incomeData table created successfully
2025-01-31 19:46:58,682 - INFO - Starting data download for ticker: ^SPX
2025-01-31 19:47:00,395 - INFO - Data download successful for ticker: ^SPX
2025-01-31 19:47:00,403 - INFO - Data processing complete for ticker: ^SPX
2025-01-31 19:47:00,404 - INFO - Starting data insertion into the database
2025-01-31 19:47:00,438 - INFO - Data insertion successful
2025-01-31 20:22:46,944 - INFO - Creating markerData table
2025-01-31 20:22:46,945 - INFO - marketData table created successfully
2025-01-31 20:22:46,945 - INFO - Starting data download for ticker: AAPL
2025-01-31 20:22:47,428 - INFO - Data download successful for ticker: AAPL
2025-01-31 20:22:47,432 - INFO - Data processing complete for ticker: AAPL
2025-01-31 20:22:47,432 - INFO - Starting data insertion into the database
2025-01-31 20:22:47,449 - INFO - Data insertion successful
2025-01-31 20:22:48,450 - INFO - Starting data download for ticker: MSFT
2025-01-31 20:22:48,712 - INFO - Data download successful for ticker: MSFT
2025-01-31 20:22:48,716 - INFO - Data processing complete for ticker: MSFT
2025-01-31 20:22:48,716 - INFO - Starting data insertion into the database
2025-01-31 20:22:48,731 - INFO - Data insertion successful
2025-01-31 20:22:49,733 - INFO - Starting data download for ticker: GOOGL
2025-01-31 20:22:49,915 - INFO - Data download successful for ticker: GOOGL
2025-01-31 20:22:49,917 - INFO - Data processing complete for ticker: GOOGL
2025-01-31 20:22:49,917 - INFO - Starting data insertion into the database
2025-01-31 20:22:49,928 - INFO - Data insertion successful
2025-01-31 20:22:50,939 - INFO - Starting data download for ticker: AMZN
2025-01-31 20:22:51,130 - INFO - Data download successful for ticker: AMZN
2025-01-31 20:22:51,133 - INFO - Data processing complete for ticker: AMZN
2025-01-31 20:22:51,133 - INFO - Starting data insertion into the database
2025-01-31 20:22:51,146 - INFO - Data insertion successful
2025-01-31 20:22:52,147 - INFO - Starting data download for ticker: META
2025-01-31 20:22:52,274 - INFO - Data download successful for ticker: META
2025-01-31 20:22:52,275 - INFO - Data processing complete for ticker: META
2025-01-31 20:22:52,276 - INFO - Starting data insertion into the database
2025-01-31 20:22:52,285 - INFO - Data insertion successful
2025-01-31 20:22:53,285 - INFO - Starting data download for ticker: TSLA
2025-01-31 20:22:53,430 - INFO - Data download successful for ticker: TSLA
2025-01-31 20:22:53,432 - INFO - Data processing complete for ticker: TSLA
2025-01-31 20:22:53,432 - INFO - Starting data insertion into the database
2025-01-31 20:22:53,442 - INFO - Data insertion successful
2025-01-31 20:22:54,442 - INFO - Starting data download for ticker: NVDA
2025-01-31 20:22:54,669 - INFO - Data download successful for ticker: NVDA
2025-01-31 20:22:54,672 - INFO - Data processing complete for ticker: NVDA
2025-01-31 20:22:54,672 - INFO - Starting data insertion into the database
2025-01-31 20:22:54,684 - INFO - Data insertion successful
2025-01-31 20:22:55,685 - INFO - Starting data download for ticker: SNOW
2025-01-31 20:22:55,779 - INFO - Data download successful for ticker: SNOW
2025-01-31 20:22:55,780 - INFO - Data processing complete for ticker: SNOW
2025-01-31 20:22:55,780 - INFO - Starting data insertion into the database
2025-01-31 20:22:55,789 - INFO - Data insertion successful
2025-01-31 20:22:56,789 - INFO - Starting data download for ticker: PLTR
2025-01-31 20:22:56,872 - INFO - Data download successful for ticker: PLTR
2025-01-31 20:22:56,873 - INFO - Data processing complete for ticker: PLTR
2025-01-31 20:22:56,873 - INFO - Starting data insertion into the database
2025-01-31 20:22:56,879 - INFO - Data insertion successful
2025-01-31 20:22:57,881 - INFO - Starting data download for ticker: ARM
2025-01-31 20:22:57,943 - INFO - Data download successful for ticker: ARM
2025-01-31 20:22:57,944 - INFO - Data processing complete for ticker: ARM
2025-01-31 20:22:57,944 - INFO - Starting data insertion into the database
2025-01-31 20:22:57,951 - INFO - Data insertion successful
2025-01-31 20:22:58,951 - INFO - Starting data download for ticker: AMD
2025-01-31 20:22:59,203 - INFO - Data download successful for ticker: AMD
2025-01-31 20:22:59,208 - INFO - Data processing complete for ticker: AMD
2025-01-31 20:22:59,208 - INFO - Starting data insertion into the database
2025-01-31 20:22:59,226 - INFO - Data insertion successful
2025-01-31 20:23:00,227 - INFO - Starting data download for ticker: QCOM
2025-01-31 20:23:00,458 - INFO - Data download successful for ticker: QCOM
2025-01-31 20:23:00,464 - INFO - Data processing complete for ticker: QCOM
2025-01-31 20:23:00,464 - INFO - Starting data insertion into the database
2025-01-31 20:23:00,480 - INFO - Data insertion successful
2025-01-31 20:23:01,480 - INFO - Starting data download for ticker: ^SPX
2025-01-31 20:23:01,858 - INFO - Data download successful for ticker: ^SPX
2025-01-31 20:23:01,866 - INFO - Data processing complete for ticker: ^SPX
2025-01-31 20:23:01,866 - INFO - Starting data insertion into the database
2025-01-31 20:23:01,899 - INFO - Data insertion successful
