2025-06-10 20:49:48,531 - etl.extractors - INFO - Extracting data from Alpha Vantage for symbol: KO
2025-06-10 20:49:49,060 - etl.extractors - INFO - Successfully extracted data from Alpha Vantage for symbol KO
2025-06-10 20:49:49,061 - etl.extractors - INFO - Extracting data from Alpha Vantage for symbol: KO
2025-06-10 20:49:49,489 - etl.extractors - INFO - Successfully extracted data from Alpha Vantage for symbol KO
2025-06-10 20:49:49,489 - etl.extractors - INFO - Extracting data from Alpha Vantage for symbol: KO
2025-06-10 20:49:50,095 - etl.extractors - INFO - Successfully extracted data from Alpha Vantage for symbol KO
2025-06-10 20:49:50,096 - etl.extractors - INFO - Extracting data from Alpha Vantage for symbol: KO
2025-06-10 20:49:50,525 - etl.extractors - INFO - Successfully extracted data from Alpha Vantage for symbol KO
2025-06-10 20:49:50,526 - etl.extractors - INFO - Extracting data from Alpha Vantage for symbol: KO
2025-06-10 20:49:50,866 - etl.extractors - INFO - Successfully extracted data from Alpha Vantage for symbol KO
2025-06-10 20:49:50,866 - etl.extractors - INFO - Extracting data from Alpha Vantage for symbol: KO
2025-06-10 20:49:51,125 - etl.extractors - INFO - Successfully extracted data from Alpha Vantage for symbol KO
2025-06-10 20:49:51,125 - etl.extractors - INFO - Extracting data from Alpha Vantage for symbol: PLTR
2025-06-10 20:49:51,299 - etl.extractors - INFO - Successfully extracted data from Alpha Vantage for symbol PLTR
2025-06-10 20:49:51,300 - etl.extractors - INFO - Extracting data from Alpha Vantage for symbol: PLTR
2025-06-10 20:49:51,641 - etl.extractors - INFO - Successfully extracted data from Alpha Vantage for symbol PLTR
2025-06-10 20:49:51,641 - etl.extractors - INFO - Extracting data from Alpha Vantage for symbol: PLTR
2025-06-10 20:49:52,146 - etl.extractors - INFO - Successfully extracted data from Alpha Vantage for symbol PLTR
2025-06-10 20:49:52,146 - etl.extractors - INFO - Extracting data from Alpha Vantage for symbol: PLTR
2025-06-10 20:49:52,608 - etl.extractors - INFO - Successfully extracted data from Alpha Vantage for symbol PLTR
2025-06-10 20:49:52,608 - etl.extractors - INFO - Extracting data from Alpha Vantage for symbol: PLTR
2025-06-10 20:49:52,959 - etl.extractors - INFO - Successfully extracted data from Alpha Vantage for symbol PLTR
2025-06-10 20:49:52,960 - etl.extractors - INFO - Extracting data from Alpha Vantage for symbol: PLTR
2025-06-10 20:49:53,298 - etl.extractors - INFO - Successfully extracted data from Alpha Vantage for symbol PLTR
2025-06-10 20:49:53,298 - etl.extractors - INFO - Extracting data from Alpha Vantage for symbol: OKLO
2025-06-10 20:49:53,463 - etl.extractors - INFO - Successfully extracted data from Alpha Vantage for symbol OKLO
2025-06-10 20:49:53,464 - etl.extractors - INFO - Extracting data from Alpha Vantage for symbol: OKLO
2025-06-10 20:49:53,897 - etl.extractors - INFO - Successfully extracted data from Alpha Vantage for symbol OKLO
2025-06-10 20:49:53,897 - etl.extractors - INFO - Extracting data from Alpha Vantage for symbol: OKLO
2025-06-10 20:49:54,329 - etl.extractors - INFO - Successfully extracted data from Alpha Vantage for symbol OKLO
2025-06-10 20:49:54,330 - etl.extractors - INFO - Extracting data from Alpha Vantage for symbol: OKLO
2025-06-10 20:49:54,747 - etl.extractors - INFO - Successfully extracted data from Alpha Vantage for symbol OKLO
2025-06-10 20:49:54,748 - etl.extractors - INFO - Extracting data from Alpha Vantage for symbol: OKLO
2025-06-10 20:49:55,090 - etl.extractors - INFO - Successfully extracted data from Alpha Vantage for symbol OKLO
2025-06-10 20:49:55,090 - etl.extractors - INFO - Extracting data from Alpha Vantage for symbol: OKLO
2025-06-10 20:49:55,266 - etl.extractors - INFO - Successfully extracted data from Alpha Vantage for symbol OKLO
